C:\USERS\3LAB101\DESKTOP\NEWNEW2\NEWNEW\NEWNEW\DEBUG\ACCOUNT.OBJ
C:\USERS\3LAB101\DESKTOP\NEWNEW2\NEWNEW\NEWNEW\DEBUG\ACCOUNTINFO.OBJ
C:\USERS\3LAB101\DESKTOP\NEWNEW2\NEWNEW\NEWNEW\DEBUG\ATM.OBJ
C:\USERS\3LAB101\DESKTOP\NEWNEW2\NEWNEW\NEWNEW\DEBUG\ATM.RES
C:\USERS\3LAB101\DESKTOP\NEWNEW2\NEWNEW\NEWNEW\DEBUG\BANK.OBJ
C:\USERS\3LAB101\DESKTOP\NEWNEW2\NEWNEW\NEWNEW\DEBUG\BANKDLG.OBJ
C:\USERS\3LAB101\DESKTOP\NEWNEW2\NEWNEW\NEWNEW\DEBUG\BANKINTERFACE.OBJ
C:\Users\3lab101\Desktop\newnew2\newnew\newnew\Debug\cl.command.1.tlog
C:\Users\3lab101\Desktop\newnew2\newnew\newnew\Debug\CL.read.1.tlog
C:\Users\3lab101\Desktop\newnew2\newnew\newnew\Debug\CL.write.1.tlog
C:\USERS\3LAB101\DESKTOP\NEWNEW2\NEWNEW\NEWNEW\DEBUG\CLERCK.OBJ
C:\USERS\3LAB101\DESKTOP\NEWNEW2\NEWNEW\NEWNEW\DEBUG\KINDOFACCOUNT.OBJ
C:\USERS\3LAB101\DESKTOP\NEWNEW2\NEWNEW\NEWNEW\DEBUG\KINDOFACCOUNT1.OBJ
C:\Users\3lab101\Desktop\newnew2\newnew\newnew\Debug\link.command.1.tlog
C:\Users\3lab101\Desktop\newnew2\newnew\newnew\Debug\link.read.1.tlog
C:\Users\3lab101\Desktop\newnew2\newnew\newnew\Debug\link.write.1.tlog
C:\Users\3lab101\Desktop\newnew2\newnew\newnew\Debug\link-cvtres.read.1.tlog
C:\USERS\3LAB101\DESKTOP\NEWNEW2\NEWNEW\NEWNEW\DEBUG\NEWACCAUNT.OBJ
C:\Users\3lab101\Desktop\newnew2\newnew\newnew\Debug\newnew.exe.embed.manifest
C:\USERS\3LAB101\DESKTOP\NEWNEW2\NEWNEW\NEWNEW\DEBUG\NEWNEW.EXE.EMBED.MANIFEST.RES
C:\USERS\3LAB101\DESKTOP\NEWNEW2\NEWNEW\NEWNEW\DEBUG\NEWNEW.PCH
C:\USERS\3LAB101\DESKTOP\NEWNEW2\NEWNEW\NEWNEW\DEBUG\NEWNEW.RES
C:\Users\3lab101\Desktop\newnew2\newnew\newnew\Debug\newnew_manifest.rc
C:\Users\3lab101\Desktop\newnew2\newnew\newnew\Debug\rc.command.1.tlog
C:\Users\3lab101\Desktop\newnew2\newnew\newnew\Debug\rc.read.1.tlog
C:\Users\3lab101\Desktop\newnew2\newnew\newnew\Debug\rc.write.1.tlog
C:\USERS\3LAB101\DESKTOP\NEWNEW2\NEWNEW\NEWNEW\DEBUG\SEARCHACCOUNT.OBJ
C:\USERS\3LAB101\DESKTOP\NEWNEW2\NEWNEW\NEWNEW\DEBUG\STDAFX.OBJ
C:\USERS\3LAB101\DESKTOP\NEWNEW2\NEWNEW\NEWNEW\DEBUG\TELLER.OBJ
C:\USERS\3LAB101\DESKTOP\NEWNEW2\NEWNEW\NEWNEW\DEBUG\TELLERTRANSACTIONS.OBJ
C:\USERS\3LAB101\DESKTOP\NEWNEW2\NEWNEW\NEWNEW\DEBUG\THEATM.OBJ
C:\Users\3lab101\Desktop\newnew2\newnew\newnew\Debug\vc100.idb
C:\USERS\3LAB101\DESKTOP\NEWNEW2\NEWNEW\NEWNEW\DEBUG\VC100.PDB
C:\USERS\3LAB101\DESKTOP\NEWNEW2\NEWNEW\NEWNEW\DEBUG\VISA.OBJ
